This is pdfTeX, Version 3.14159265-2.6-1.40.21 (MiKTeX 21.1) (preloaded format=pdflatex 2021.2.10)  16 JAN 2023 22:17
entering extended mode
**./guida_root.tex
(guida_root.tex
LaTeX2e <2020-10-01> patch level 4
L3 programming layer <2021-01-09> xparse <2020-03-03>
(C:\Users\Fabio\AppData\Local\Programs\MiKTeX\tex/latex/base\article.cls
Document Class: article 2020/04/10 v1.4m Standard LaTeX document class
(C:\Users\Fabio\AppData\Local\Programs\MiKTeX\tex/latex/base\size10.clo
File: size10.clo 2020/04/10 v1.4m Standard LaTeX file (size option)
)
\c@part=\count177
\c@section=\count178
\c@subsection=\count179
\c@subsubsection=\count180
\c@paragraph=\count181
\c@subparagraph=\count182
\c@figure=\count183
\c@table=\count184
\abovecaptionskip=\skip47
\belowcaptionskip=\skip48
\bibindent=\dimen138
)
(C:\Users\Fabio\AppData\Local\Programs\MiKTeX\tex/latex/classicthesis\classicth
esis.sty
Package: classicthesis 2018/06/03 v4.6 Typographic style for a classic-looking 
thesis

(C:\Users\Fabio\AppData\Local\Programs\MiKTeX\tex/latex/base\ifthen.sty
Package: ifthen 2014/09/29 v1.1c Standard LaTeX ifthen package (DPC)
)
(C:\Users\Fabio\AppData\Local\Programs\MiKTeX\tex/latex/kvoptions\kvoptions.sty
Package: kvoptions 2020-10-07 v3.14 Key value format for package options (HO)
(C:\Users\Fabio\AppData\Local\Programs\MiKTeX\tex/latex/graphics\keyval.sty
Package: keyval 2014/10/28 v1.15 key=value parser (DPC)
\KV@toks@=\toks15
)
(C:\Users\Fabio\AppData\Local\Programs\MiKTeX\tex/generic/ltxcmds\ltxcmds.sty
Package: ltxcmds 2020-05-10 v1.25 LaTeX kernel commands for general use (HO)
)
(C:\Users\Fabio\AppData\Local\Programs\MiKTeX\tex/generic/kvsetkeys\kvsetkeys.s
ty
Package: kvsetkeys 2019/12/15 v1.18 Key value parser (HO)
))

Package classicthesis Warning: Chapter sectioning command not present in this d
ocument class. Deactivating options floatperchapter, linedheaders, manychapters
, listsseparated, eulerchapternumbers.

(C:\Users\Fabio\AppData\Local\Programs\MiKTeX\tex/generic/iftex\ifpdf.sty
Package: ifpdf 2019/10/25 v3.4 ifpdf legacy package. Use iftex instead.

(C:\Users\Fabio\AppData\Local\Programs\MiKTeX\tex/generic/iftex\iftex.sty
Package: iftex 2020/03/06 v1.0d TeX engine tests
))
(C:\Users\Fabio\AppData\Local\Programs\MiKTeX\tex/generic/iftex\ifxetex.sty
Package: ifxetex 2019/10/25 v0.7 ifxetex legacy package. Use iftex instead.
)
(C:\Users\Fabio\AppData\Local\Programs\MiKTeX\tex/generic/iftex\ifluatex.sty
Package: ifluatex 2019/10/25 v1.5 ifluatex legacy package. Use iftex instead.
)
(C:\Users\Fabio\AppData\Local\Programs\MiKTeX\tex/latex/xcolor\xcolor.sty
Package: xcolor 2016/05/11 v2.12 LaTeX color extensions (UK)

(C:\Users\Fabio\AppData\Local\Programs\MiKTeX\tex/latex/graphics-cfg\color.cfg
File: color.cfg 2016/01/02 v1.6 sample color configuration
)
Package xcolor Info: Driver file: pdftex.def on input line 225.

(C:\Users\Fabio\AppData\Local\Programs\MiKTeX\tex/latex/graphics-def\pdftex.def
File: pdftex.def 2020/10/05 v1.2a Graphics/color driver for pdftex
)
Package xcolor Info: Model `cmy' substituted by `cmy0' on input line 1348.
Package xcolor Info: Model `hsb' substituted by `rgb' on input line 1352.
Package xcolor Info: Model `RGB' extended on input line 1364.
Package xcolor Info: Model `HTML' substituted by `rgb' on input line 1366.
Package xcolor Info: Model `Hsb' substituted by `hsb' on input line 1367.
Package xcolor Info: Model `tHsb' substituted by `hsb' on input line 1368.
Package xcolor Info: Model `HSB' substituted by `hsb' on input line 1369.
Package xcolor Info: Model `Gray' substituted by `gray' on input line 1370.
Package xcolor Info: Model `wave' substituted by `hsb' on input line 1371.
 (C:\Users\Fabio\AppData\Local\Programs\MiKTeX\tex/latex/graphics\dvipsnam.def
File: dvipsnam.def 2016/06/17 v3.0m Driver-dependent file (DPC,SPQR)
)) (C:\Users\Fabio\AppData\Local\Programs\MiKTeX\tex/latex/psnfss\mathpazo.sty
Package: mathpazo 2020/03/25 PSNFSS-v9.3 Palatino w/ Pazo Math (D.Puga, WaS) 
\symupright=\mathgroup4
) (C:\Users\Fabio\AppData\Local\Programs\MiKTeX\tex/latex/bera\beramono.sty
Package: beramono 2004/01/31 (WaS)
)
(C:\Users\Fabio\AppData\Local\Programs\MiKTeX\tex/latex/eulervm\eulervm.sty
Package: eulervm 2005/01/11 v4.0 (WaS)
)
LaTeX Font Info:    Trying to load font information for T1+pplj on input line 2
02.

(C:\Users\Fabio\AppData\Local\Programs\MiKTeX\tex/latex/psnfss\t1pplj.fd
File: t1pplj.fd 2004/09/06 font definitions for T1/pplj.
)
(C:\Users\Fabio\AppData\Local\Programs\MiKTeX\tex/latex/microtype\microtype.sty
Package: microtype 2022/03/14 v3.0d Micro-typographical refinements (RS)
(C:\Users\Fabio\AppData\Local\Programs\MiKTeX\tex/latex/etoolbox\etoolbox.sty
Package: etoolbox 2020/10/05 v2.5k e-TeX tools for LaTeX (JAW)
\etb@tempcnta=\count185
)
\MT@toks=\toks16
\MT@tempbox=\box47
\MT@count=\count186
LaTeX Info: Redefining \noprotrusionifhmode on input line 1027.
LaTeX Info: Redefining \leftprotrusion on input line 1028.
LaTeX Info: Redefining \rightprotrusion on input line 1036.
LaTeX Info: Redefining \textls on input line 1195.
\MT@outer@kern=\dimen139
LaTeX Info: Redefining \textmicrotypecontext on input line 1781.
\MT@listname@count=\count187

(C:\Users\Fabio\AppData\Local\Programs\MiKTeX\tex/latex/microtype\microtype-pdf
tex.def
File: microtype-pdftex.def 2022/03/14 v3.0d Definitions specific to pdftex (RS)

LaTeX Info: Redefining \lsstyle on input line 900.
LaTeX Info: Redefining \lslig on input line 900.
\MT@outer@space=\skip49
)
Package microtype Info: Loading configuration file microtype.cfg.

(C:\Users\Fabio\AppData\Local\Programs\MiKTeX\tex/latex/microtype\microtype.cfg
File: microtype.cfg 2022/03/14 v3.0d microtype main configuration file (RS)
))
(C:\Users\Fabio\AppData\Local\Programs\MiKTeX\tex/latex/koma-script\typearea.st
y
Package: typearea 2021/03/17 v3.33 KOMA-Script package (type area)

(C:\Users\Fabio\AppData\Local\Programs\MiKTeX\tex/latex/koma-script\scrkbase.st
y
Package: scrkbase 2021/03/17 v3.33 KOMA-Script package (KOMA-Script-dependent b
asics and keyval usage)

(C:\Users\Fabio\AppData\Local\Programs\MiKTeX\tex/latex/koma-script\scrbase.sty
Package: scrbase 2021/03/17 v3.33 KOMA-Script package (KOMA-Script-independent 
basics and keyval usage)

(C:\Users\Fabio\AppData\Local\Programs\MiKTeX\tex/latex/koma-script\scrlfile.st
y
Package: scrlfile 2021/03/17 v3.33 KOMA-Script package (file load hooks)

(C:\Users\Fabio\AppData\Local\Programs\MiKTeX\tex/latex/koma-script\scrlfile-ho
ok.sty
Package: scrlfile-hook 2021/03/17 v3.33 KOMA-Script package (using LaTeX hooks)


LaTeX3 Info: Defining command \BeforeFile with sig. 'm' on line 61.


LaTeX3 Info: Defining command \AfterFile with sig. 'm' on line 65.


LaTeX3 Info: Defining command \BeforeClass with sig. 'm' on line 69.


LaTeX3 Info: Defining command \BeforePackage with sig. 'm' on line 73.


LaTeX3 Info: Defining command \AfterAtEndOfClass with sig. 'smo+m' on line 83.


LaTeX3 Info: Defining command \AfterAtEndOfPackage with sig. 'smo+m' on line
(LaTeX3)     93.


LaTeX3 Info: Defining command \scrlfile@AfterClass with sig. 'smo+m' on line
(LaTeX3)     173.


LaTeX3 Info: Defining command \AfterClass with sig. '' on line 174.


LaTeX3 Info: Defining command \scrlfile@AfterPackage with sig. 'smo+m' on line
(LaTeX3)     191.


LaTeX3 Info: Defining command \AfterPackage with sig. '' on line 192.


LaTeX3 Info: Defining command \ReplaceInput with sig. '' on line 193.


LaTeX3 Info: Defining command \ReplaceClass with sig. 'mm' on line 196.


LaTeX3 Info: Defining command \ReplacePackage with sig. 'mm' on line 199.


LaTeX3 Info: Defining command \UnReplaceInput with sig. '' on line 200.


LaTeX3 Info: Defining command \UnReplaceClass with sig. 'm' on line 203.


LaTeX3 Info: Defining command \UnReplacePackage with sig. 'mm' on line 206.


LaTeX3 Info: Defining command \PreventPackageFromLoading with sig. 's+om' on
(LaTeX3)     line 234.


LaTeX3 Info: Defining command \StorePreventPackageFromLoading with sig. 'm' on
(LaTeX3)     line 242.


LaTeX3 Info: Defining command \ResetPreventPackageFromLoading with sig. '' on
(LaTeX3)     line 247.


LaTeX3 Info: Defining command \UnPreventPackageFromLoading with sig. 'sm' on
(LaTeX3)     line 261.


LaTeX3 Info: Defining command \BeforeClosingMainAux with sig. 'om' on line
(LaTeX3)     274.


LaTeX3 Info: Defining command \AfterReadingMainAux with sig. 'om' on line 287.


LaTeX3 Info: Defining command \protected@immediate@write with sig. 'm+m+m' on
(LaTeX3)     line 298.


(C:\Users\Fabio\AppData\Local\Programs\MiKTeX\tex/latex/koma-script\scrlogo.sty
Package: scrlogo 2021/03/17 v3.33 KOMA-Script package (logo)
)))
Skipping: [2021/05/01] Usage of raw option list on input line 252.
Applying: [0000/00/00] compatibility for LaTeX before 2021/05/01 on input line 
337.
))
\ta@bcor=\skip50
\ta@div=\count188
Package typearea Info: You've used standard option `a4paper'.
(typearea)             This is correct!
(typearea)             Internally I'm using `paper=a4'.
(typearea)             If you'd like to set the option with \KOMAoptions,
(typearea)             you'd have to use `paper=a4' there
(typearea)             instead of `a4paper', too.
\ta@hblk=\skip51
\ta@vblk=\skip52
\ta@temp=\skip53
\footheight=\skip54
LaTeX Font Info:    Trying to load font information for OT1+pplj on input line 
1741.
 (C:\Users\Fabio\AppData\Local\Programs\MiKTeX\tex/latex/psnfss\ot1pplj.fd
File: ot1pplj.fd 2004/09/06 font definitions for OT1/pplj.
)
Package typearea Info: These are the values describing the layout:
(typearea)             DIV  = 8
(typearea)             BCOR = 0.0pt
(typearea)             \paperwidth      = 597.50793pt
(typearea)              \textwidth      = 373.44246pt
(typearea)              DIV departure   = 0%
(typearea)              \evensidemargin = 39.76274pt
(typearea)              \oddsidemargin  = 39.76274pt
(typearea)             \paperheight     = 845.04694pt
(typearea)              \textheight     = 451.00128pt
(typearea)              \topmargin      = 33.36087pt
(typearea)              \headheight     = 15.75005pt
(typearea)              \headsep        = 18.90005pt
(typearea)              \topskip        = 10.0pt
(typearea)              \footskip       = 44.10013pt
(typearea)              \baselineskip   = 12.60004pt
(typearea)              on input line 1741.
)
Package classicthesis Info: A4 paper, Palatino or other on input line 251.
Package typearea Info: These are the values describing the layout:
(typearea)             DIV  = areaset
(typearea)             BCOR = 0.0pt
(typearea)             \paperwidth      = 597.50793pt
(typearea)              \textwidth      = 336.0pt
(typearea)              \evensidemargin = 58.48398pt
(typearea)              \oddsidemargin  = 58.48398pt
(typearea)             \paperheight     = 845.04694pt
(typearea)              \textheight     = 671.99982pt
(typearea)              \topmargin      = -40.58768pt
(typearea)              \headheight     = 15.0pt
(typearea)              \headsep        = 18.90005pt
(typearea)              \topskip        = 10.0pt
(typearea)              \footskip       = 44.10013pt
(typearea)              \baselineskip   = 12.60004pt
(typearea)              on input line 251.

(C:\Users\Fabio\AppData\Local\Programs\MiKTeX\tex/latex/mparhack\mparhack.sty
Package: mparhack 2021-05-02 v1.5 (T. Sgouros and S. Ulrich)
)
(C:\Users\Fabio\AppData\Local\Programs\MiKTeX\tex/latex/booktabs\booktabs.sty
Package: booktabs 2020/01/12 v1.61803398 Publication quality tables
\heavyrulewidth=\dimen140
\lightrulewidth=\dimen141
\cmidrulewidth=\dimen142
\belowrulesep=\dimen143
\belowbottomsep=\dimen144
\aboverulesep=\dimen145
\abovetopsep=\dimen146
\cmidrulesep=\dimen147
\cmidrulekern=\dimen148
\defaultaddspace=\dimen149
\@cmidla=\count189
\@cmidlb=\count190
\@aboverulesep=\dimen150
\@belowrulesep=\dimen151
\@thisruleclass=\count191
\@lastruleclass=\count192
\@thisrulewidth=\dimen152
)
(C:\Users\Fabio\AppData\Local\Programs\MiKTeX\tex/latex/textcase\textcase.sty
Package: textcase 2019/09/14 v1.00 Text only upper/lower case changing (DPC)
)
Package classicthesis Info: Using microtype for character spacing.Make sure you
r pdflatex is version 1.40 or higher. on input line 321.

(C:\Users\Fabio\AppData\Local\Programs\MiKTeX\tex/latex/koma-script\scrlayer-sc
rpage.sty
Package: scrlayer-scrpage 2021/03/17 v3.33 KOMA-Script package (end user interf
ace for scrlayer)

(C:\Users\Fabio\AppData\Local\Programs\MiKTeX\tex/latex/koma-script\scrlayer.st
y
Package: scrlayer 2021/03/17 v3.33 KOMA-Script package (defining layers and pag
e styles)
Package scrlayer Info: Using already defined \footheight
(scrlayer)             hoping, that this is a length and
(scrlayer)             not only a macro on input line 136.
Package scrlayer Info: patching LaTeX kernel macro \pagestyle on input line 216
2.
))
Package scrlayer-scrpage Info: auto-selection of `pagestyleset=standard'.

1: subsection
1: section
1: section
1: subsection
(C:\Users\Fabio\AppData\Local\Programs\MiKTeX\tex/latex/titlesec\titlesec.sty
Package: titlesec 2021/07/05 v2.14 Sectioning titles
\ttl@box=\box48
\beforetitleunit=\skip55
\aftertitleunit=\skip56
\ttl@plus=\dimen153
\ttl@minus=\dimen154
\ttl@toksa=\toks17
\titlewidth=\dimen155
\titlewidthlast=\dimen156
\titlewidthfirst=\dimen157
)
(C:\Users\Fabio\AppData\Local\Programs\MiKTeX\tex/latex/tocloft\tocloft.sty
Package: tocloft 2017/08/31 v2.3i parameterised ToC, etc., typesetting
Package tocloft Info: The document has section divisions on input line 51.
\cftparskip=\skip57
\cftbeforetoctitleskip=\skip58
\cftaftertoctitleskip=\skip59
\cftbeforepartskip=\skip60
\cftpartnumwidth=\skip61
\cftpartindent=\skip62
\cftbeforesecskip=\skip63
\cftsecindent=\skip64
\cftsecnumwidth=\skip65
\cftbeforesubsecskip=\skip66
\cftsubsecindent=\skip67
\cftsubsecnumwidth=\skip68
\cftbeforesubsubsecskip=\skip69
\cftsubsubsecindent=\skip70
\cftsubsubsecnumwidth=\skip71
\cftbeforeparaskip=\skip72
\cftparaindent=\skip73
\cftparanumwidth=\skip74
\cftbeforesubparaskip=\skip75
\cftsubparaindent=\skip76
\cftsubparanumwidth=\skip77
\cftbeforeloftitleskip=\skip78
\cftafterloftitleskip=\skip79
\cftbeforefigskip=\skip80
\cftfigindent=\skip81
\cftfignumwidth=\skip82
\c@lofdepth=\count193
\c@lotdepth=\count194
\cftbeforelottitleskip=\skip83
\cftafterlottitleskip=\skip84
\cftbeforetabskip=\skip85
\cfttabindent=\skip86
\cfttabnumwidth=\skip87
)
\newnumberwidth=\skip88
\beforebibskip=\skip89
\newchnumberwidth=\skip90
\figurelabelwidth=\skip91
\tablelabelwidth=\skip92

(C:\Users\Fabio\AppData\Local\Programs\MiKTeX\tex/latex/footmisc\footmisc.sty
Package: footmisc 2011/06/06 v5.5b a miscellany of footnote facilities
\FN@temptoken=\toks18
\footnotemargin=\dimen158
\c@pp@next@reset=\count195
Package footmisc Info: Declaring symbol style bringhurst on input line 855.
Package footmisc Info: Declaring symbol style chicago on input line 863.
Package footmisc Info: Declaring symbol style wiley on input line 872.
Package footmisc Info: Declaring symbol style lamport-robust on input line 883.

Package footmisc Info: Declaring symbol style lamport* on input line 903.
Package footmisc Info: Declaring symbol style lamport*-robust on input line 924
.
)

Package classicthesis Warning: Using package "footmisc" with option "marginal" 
for footnote setup (not 100\% the same as with KOMA).


(C:\Users\Fabio\AppData\Local\Programs\MiKTeX\tex/latex/koma-script\scrtime.sty
Package: scrtime 2021/03/17 v3.33 KOMA-Script package (time of LaTeX run)
) (C:\Users\Fabio\AppData\Local\Programs\MiKTeX\tex/latex/caption\caption.sty
Package: caption 2020/10/26 v3.5g Customizing captions (AR)

(C:\Users\Fabio\AppData\Local\Programs\MiKTeX\tex/latex/caption\caption3.sty
Package: caption3 2020/10/21 v2.2e caption3 kernel (AR)
\captionmargin=\dimen159
\captionmargin@=\dimen160
\captionwidth=\dimen161
\caption@tempdima=\dimen162
\caption@indent=\dimen163
\caption@parindent=\dimen164
\caption@hangindent=\dimen165
Package caption Info: Standard document class detected.
)
\c@caption@flags=\count196
\c@continuedfloat=\count197
)
(C:\Users\Fabio\AppData\Local\Programs\MiKTeX\tex/latex/carlisle\remreset.sty

Package remreset Warning: The remreset package is obsolete:
(remreset)                \@removefromreset is defined.

) (C:\Users\Fabio\AppData\Local\Programs\MiKTeX\tex/latex/hyperref\hyperref.sty
Package: hyperref 2020-05-15 v7.00e Hypertext links for LaTeX

(C:\Users\Fabio\AppData\Local\Programs\MiKTeX\tex/generic/pdftexcmds\pdftexcmds
.sty
Package: pdftexcmds 2020-06-27 v0.33 Utility functions of pdfTeX for LuaTeX (HO
)

(C:\Users\Fabio\AppData\Local\Programs\MiKTeX\tex/generic/infwarerr\infwarerr.s
ty
Package: infwarerr 2019/12/03 v1.5 Providing info/warning/error messages (HO)
)
Package pdftexcmds Info: \pdf@primitive is available.
Package pdftexcmds Info: \pdf@ifprimitive is available.
Package pdftexcmds Info: \pdfdraftmode found.
)
(C:\Users\Fabio\AppData\Local\Programs\MiKTeX\tex/generic/kvdefinekeys\kvdefine
keys.sty
Package: kvdefinekeys 2019-12-19 v1.6 Define keys (HO)
)
(C:\Users\Fabio\AppData\Local\Programs\MiKTeX\tex/generic/pdfescape\pdfescape.s
ty
Package: pdfescape 2019/12/09 v1.15 Implements pdfTeX's escape features (HO)
) (C:\Users\Fabio\AppData\Local\Programs\MiKTeX\tex/latex/hycolor\hycolor.sty
Package: hycolor 2020-01-27 v1.10 Color options for hyperref/bookmark (HO)
)
(C:\Users\Fabio\AppData\Local\Programs\MiKTeX\tex/latex/letltxmacro\letltxmacro
.sty
Package: letltxmacro 2019/12/03 v1.6 Let assignment for LaTeX macros (HO)
)
(C:\Users\Fabio\AppData\Local\Programs\MiKTeX\tex/latex/auxhook\auxhook.sty
Package: auxhook 2019-12-17 v1.6 Hooks for auxiliary files (HO)
)
\@linkdim=\dimen166
\Hy@linkcounter=\count198
\Hy@pagecounter=\count199

(C:\Users\Fabio\AppData\Local\Programs\MiKTeX\tex/latex/hyperref\pd1enc.def
File: pd1enc.def 2020-05-15 v7.00e Hyperref: PDFDocEncoding definition (HO)
Now handling font encoding PD1 ...
... no UTF-8 mapping file for font encoding PD1
)
(C:\Users\Fabio\AppData\Local\Programs\MiKTeX\tex/generic/intcalc\intcalc.sty
Package: intcalc 2019/12/15 v1.3 Expandable calculations with integers (HO)
)
(C:\Users\Fabio\AppData\Local\Programs\MiKTeX\tex/generic/etexcmds\etexcmds.sty
Package: etexcmds 2019/12/15 v1.7 Avoid name clashes with e-TeX commands (HO)
)
\Hy@SavedSpaceFactor=\count266
Package hyperref Info: Option `hyperfootnotes' set `false' on input line 4338.
Package hyperref Info: Hyper figures OFF on input line 4464.
Package hyperref Info: Link nesting OFF on input line 4469.
Package hyperref Info: Hyper index ON on input line 4472.
Package hyperref Info: Plain pages OFF on input line 4479.
Package hyperref Info: Backreferencing OFF on input line 4484.
Package hyperref Info: Implicit mode ON; LaTeX internals redefined.
Package hyperref Info: Bookmarks ON on input line 4717.
\c@Hy@tempcnt=\count267
 (C:\Users\Fabio\AppData\Local\Programs\MiKTeX\tex/latex/url\url.sty
\Urlmuskip=\muskip16
Package: url 2013/09/16  ver 3.4  Verb mode for urls, etc.
)
LaTeX Info: Redefining \url on input line 5076.
\XeTeXLinkMargin=\dimen167

(C:\Users\Fabio\AppData\Local\Programs\MiKTeX\tex/generic/bitset\bitset.sty
Package: bitset 2019/12/09 v1.3 Handle bit-vector datatype (HO)

(C:\Users\Fabio\AppData\Local\Programs\MiKTeX\tex/generic/bigintcalc\bigintcalc
.sty
Package: bigintcalc 2019/12/15 v1.5 Expandable calculations on big integers (HO
)
))
\Fld@menulength=\count268
\Field@Width=\dimen168
\Fld@charsize=\dimen169
Package hyperref Info: Hyper figures OFF on input line 6347.
Package hyperref Info: Link nesting OFF on input line 6352.
Package hyperref Info: Hyper index ON on input line 6355.
Package hyperref Info: backreferencing OFF on input line 6362.
Package hyperref Info: Link coloring OFF on input line 6367.
Package hyperref Info: Link coloring with OCG OFF on input line 6372.
Package hyperref Info: PDF/A mode OFF on input line 6377.
LaTeX Info: Redefining \ref on input line 6417.
LaTeX Info: Redefining \pageref on input line 6421.

(C:\Users\Fabio\AppData\Local\Programs\MiKTeX\tex/latex/base\atbegshi-ltx.sty
Package: atbegshi-ltx 2020/08/17 v1.0a Emulation of the original atbegshi packa
ge
with kernel methods
)
\Hy@abspage=\count269
\c@Item=\count270
)
Package hyperref Info: Driver (autodetected): hpdftex.
(C:\Users\Fabio\AppData\Local\Programs\MiKTeX\tex/latex/hyperref\hpdftex.def
File: hpdftex.def 2020-05-15 v7.00e Hyperref driver for pdfTeX

(C:\Users\Fabio\AppData\Local\Programs\MiKTeX\tex/latex/base\atveryend-ltx.sty
Package: atveryend-ltx 2020/08/19 v1.0a Emulation of the original atvery packag
e
with kernel methods
)
\Fld@listcount=\count271
\c@bookmark@seq@number=\count272

(C:\Users\Fabio\AppData\Local\Programs\MiKTeX\tex/latex/rerunfilecheck\rerunfil
echeck.sty
Package: rerunfilecheck 2019/12/05 v1.9 Rerun checks for auxiliary files (HO)

(C:\Users\Fabio\AppData\Local\Programs\MiKTeX\tex/generic/uniquecounter\uniquec
ounter.sty
Package: uniquecounter 2019/12/15 v1.4 Provide unlimited unique counter (HO)
)
Package uniquecounter Info: New unique counter `rerunfilecheck' on input line 2
86.
)
\Hy@SectionHShift=\skip93
)
Package hyperref Info: Option `colorlinks' set `true' on input line 679.
Package hyperref Info: Option `linktocpage' set `true' on input line 679.
Package hyperref Info: Option `breaklinks' set `true' on input line 679.
)
(C:\Users\Fabio\AppData\Local\Programs\MiKTeX\tex/latex/geometry\geometry.sty
Package: geometry 2020/01/02 v5.9 Page Geometry

(C:\Users\Fabio\AppData\Local\Programs\MiKTeX\tex/generic/iftex\ifvtex.sty
Package: ifvtex 2019/10/25 v1.7 ifvtex legacy package. Use iftex instead.
)
\Gm@cnth=\count273
\Gm@cntv=\count274
\c@Gm@tempcnt=\count275
\Gm@bindingoffset=\dimen170
\Gm@wd@mp=\dimen171
\Gm@odd@mp=\dimen172
\Gm@even@mp=\dimen173
\Gm@layoutwidth=\dimen174
\Gm@layoutheight=\dimen175
\Gm@layouthoffset=\dimen176
\Gm@layoutvoffset=\dimen177
\Gm@dimlist=\toks19

(C:\Users\Fabio\AppData\Local\Programs\MiKTeX\tex/latex/geometry\geometry.cfg))
(C:\Users\Fabio\AppData\Local\Programs\MiKTeX\tex/latex/base\inputenc.sty
Package: inputenc 2020/08/01 v1.3d Input encoding file
\inpenc@prehook=\toks20
\inpenc@posthook=\toks21
)
(C:\Users\Fabio\AppData\Local\Programs\MiKTeX\tex/latex/base\fontenc.sty
Package: fontenc 2020/08/10 v2.0s Standard LaTeX package
)
(C:\Users\Fabio\AppData\Local\Programs\MiKTeX\tex/generic/babel\babel.sty
Package: babel 2020/12/16 3.52 The Babel package

(C:\Users\Fabio\AppData\Local\Programs\MiKTeX\tex/generic/babel\babel.def
File: babel.def 2020/12/16 3.52 Babel common definitions
\babel@savecnt=\count276
\U@D=\dimen178
\l@babelnohyphens=\language79

(C:\Users\Fabio\AppData\Local\Programs\MiKTeX\tex/generic/babel\txtbabel.def)
\bbl@readstream=\read2
)
\bbl@dirlevel=\count277

*************************************
* Local config file bblopts.cfg used
*
(C:\Users\Fabio\AppData\Local\Programs\MiKTeX\tex/latex/arabi\bblopts.cfg
File: bblopts.cfg 2005/09/08 v0.1 add Arabic and Farsi to "declared" options of
 babel
)
(C:\Users\Fabio\AppData\Local\Programs\MiKTeX\tex/latex/babel-italian\italian.l
df
Language: italian 2020/05/21 v.1.4.04 Italian support for the babel system
\it@lettering=\count278
\it@doublequoteactive=\count279
\it@ISOcompliance=\count280
))
(C:\Users\Fabio\AppData\Local\Programs\MiKTeX\tex/latex/amsmath\amsmath.sty
Package: amsmath 2020/09/23 v2.17i AMS math features
\@mathmargin=\skip94

For additional information on amsmath, use the `?' option.
(C:\Users\Fabio\AppData\Local\Programs\MiKTeX\tex/latex/amsmath\amstext.sty
Package: amstext 2000/06/29 v2.01 AMS text

(C:\Users\Fabio\AppData\Local\Programs\MiKTeX\tex/latex/amsmath\amsgen.sty
File: amsgen.sty 1999/11/30 v2.0 generic functions
\@emptytoks=\toks22
\ex@=\dimen179
))
(C:\Users\Fabio\AppData\Local\Programs\MiKTeX\tex/latex/amsmath\amsbsy.sty
Package: amsbsy 1999/11/29 v1.2d Bold Symbols
\pmbraise@=\dimen180
)
(C:\Users\Fabio\AppData\Local\Programs\MiKTeX\tex/latex/amsmath\amsopn.sty
Package: amsopn 2016/03/08 v2.02 operator names
)
\inf@bad=\count281
LaTeX Info: Redefining \frac on input line 234.
\uproot@=\count282
\leftroot@=\count283
LaTeX Info: Redefining \overline on input line 399.
\classnum@=\count284
\DOTSCASE@=\count285
LaTeX Info: Redefining \ldots on input line 496.
LaTeX Info: Redefining \dots on input line 499.
LaTeX Info: Redefining \cdots on input line 620.
\Mathstrutbox@=\box49
\strutbox@=\box50
\big@size=\dimen181
LaTeX Font Info:    Redeclaring font encoding OML on input line 743.
LaTeX Font Info:    Redeclaring font encoding OMS on input line 744.
\macc@depth=\count286
\c@MaxMatrixCols=\count287
\dotsspace@=\muskip17
\c@parentequation=\count288
\dspbrk@lvl=\count289
\tag@help=\toks23
\row@=\count290
\column@=\count291
\maxfields@=\count292
\andhelp@=\toks24
\eqnshift@=\dimen182
\alignsep@=\dimen183
\tagshift@=\dimen184
\tagwidth@=\dimen185
\totwidth@=\dimen186
\lineht@=\dimen187
\@envbody=\toks25
\multlinegap=\skip95
\multlinetaggap=\skip96
\mathdisplay@stack=\toks26
LaTeX Info: Redefining \[ on input line 2923.
LaTeX Info: Redefining \] on input line 2924.
)
(C:\Users\Fabio\AppData\Local\Programs\MiKTeX\tex/latex/amsfonts\amsfonts.sty
Package: amsfonts 2013/01/14 v3.01 Basic AMSFonts support
\symAMSa=\mathgroup5
\symAMSb=\mathgroup6
LaTeX Font Info:    Redeclaring math symbol \hbar on input line 98.
LaTeX Font Info:    Overwriting math alphabet `\mathfrak' in version `bold'
(Font)                  U/euf/m/n --> U/euf/b/n on input line 106.
)
(C:\Users\Fabio\AppData\Local\Programs\MiKTeX\tex/latex/amsfonts\amssymb.sty
Package: amssymb 2013/01/14 v3.01 AMS font symbols
)
(C:\Users\Fabio\AppData\Local\Programs\MiKTeX\tex/latex/base\makeidx.sty
Package: makeidx 2014/09/29 v1.0m Standard LaTeX package
)
(C:\Users\Fabio\AppData\Local\Programs\MiKTeX\tex/latex/placeins\placeins.sty
Package: placeins 2005/04/18  v 2.2
)
(C:\Users\Fabio\AppData\Local\Programs\MiKTeX\tex/latex/graphics\graphicx.sty
Package: graphicx 2020/09/09 v1.2b Enhanced LaTeX Graphics (DPC,SPQR)

(C:\Users\Fabio\AppData\Local\Programs\MiKTeX\tex/latex/graphics\graphics.sty
Package: graphics 2020/08/30 v1.4c Standard LaTeX Graphics (DPC,SPQR)

(C:\Users\Fabio\AppData\Local\Programs\MiKTeX\tex/latex/graphics\trig.sty
Package: trig 2016/01/03 v1.10 sin cos tan (DPC)
)
(C:\Users\Fabio\AppData\Local\Programs\MiKTeX\tex/latex/graphics-cfg\graphics.c
fg
File: graphics.cfg 2016/06/04 v1.11 sample graphics configuration
)
Package graphics Info: Driver file: pdftex.def on input line 105.
)
\Gin@req@height=\dimen188
\Gin@req@width=\dimen189
)
(C:\Users\Fabio\AppData\Local\Programs\MiKTeX\tex/latex/l3backend\l3backend-pdf
tex.def
File: l3backend-pdftex.def 2021-01-09 L3 backend support: PDF output (pdfTeX)
\l__kernel_color_stack_int=\count293
\l__pdf_internal_box=\box51
) (guida_root.aux)
\openout1 = `guida_root.aux'.

LaTeX Font Info:    Checking defaults for OML/cmm/m/it on input line 22.
LaTeX Font Info:    ... okay on input line 22.
LaTeX Font Info:    Checking defaults for OMS/cmsy/m/n on input line 22.
LaTeX Font Info:    ... okay on input line 22.
LaTeX Font Info:    Checking defaults for OT1/cmr/m/n on input line 22.
LaTeX Font Info:    ... okay on input line 22.
LaTeX Font Info:    Checking defaults for T1/cmr/m/n on input line 22.
LaTeX Font Info:    ... okay on input line 22.
LaTeX Font Info:    Checking defaults for TS1/cmr/m/n on input line 22.
LaTeX Font Info:    ... okay on input line 22.
LaTeX Font Info:    Checking defaults for OMX/cmex/m/n on input line 22.
LaTeX Font Info:    ... okay on input line 22.
LaTeX Font Info:    Checking defaults for U/cmr/m/n on input line 22.
LaTeX Font Info:    ... okay on input line 22.
LaTeX Font Info:    Checking defaults for PD1/pdf/m/n on input line 22.
LaTeX Font Info:    ... okay on input line 22.

(C:\Users\Fabio\AppData\Local\Programs\MiKTeX\tex/context/base/mkii\supp-pdf.mk
ii
[Loading MPS to PDF converter (version 2006.09.02).]
\scratchcounter=\count294
\scratchdimen=\dimen190
\scratchbox=\box52
\nofMPsegments=\count295
\nofMParguments=\count296
\everyMPshowfont=\toks27
\MPscratchCnt=\count297
\MPscratchDim=\dimen191
\MPnumerator=\count298
\makeMPintoPDFobject=\count299
\everyMPtoPDFconversion=\toks28
)
(C:\Users\Fabio\AppData\Local\Programs\MiKTeX\tex/latex/epstopdf-pkg\epstopdf-b
ase.sty
Package: epstopdf-base 2020-01-24 v2.11 Base part for package epstopdf
Package epstopdf-base Info: Redefining graphics rule for `.eps' on input line 4
85.
)
LaTeX Info: Redefining \microtypecontext on input line 22.
Package microtype Info: Applying patch `item' on input line 22.
Package microtype Info: Applying patch `toc' on input line 22.
Package microtype Info: Applying patch `eqnum' on input line 22.


Package microtype Warning: Unable to apply patch `footnote' on input line 22.

Package microtype Info: Generating PDF output.
Package microtype Info: Character protrusion enabled (level 2).
Package microtype Info: Using default protrusion set `alltext'.
Package microtype Info: Automatic font expansion enabled (level 2),
(microtype)             stretch: 20, shrink: 20, step: 1, non-selected.
Package microtype Info: Using default expansion set `alltext-nott'.
LaTeX Info: Redefining \showhyphens on input line 22.
Package microtype Info: No adjustment of tracking.
Package microtype Info: No adjustment of interword spacing.
Package microtype Info: No adjustment of character kerning.
(C:\Users\Fabio\AppData\Local\Programs\MiKTeX\tex/latex/microtype\mt-ppl.cfg
File: mt-ppl.cfg 2005/11/16 v1.6 microtype config. file: Palatino (RS)
)
Package caption Info: Begin \AtBeginDocument code.
Package caption Info: hyperref package is loaded.
Package caption Info: End \AtBeginDocument code.
Package hyperref Info: Link coloring ON on input line 22.

(C:\Users\Fabio\AppData\Local\Programs\MiKTeX\tex/latex/hyperref\nameref.sty
Package: nameref 2019/09/16 v2.46 Cross-referencing by name of section

(C:\Users\Fabio\AppData\Local\Programs\MiKTeX\tex/latex/refcount\refcount.sty
Package: refcount 2019/12/15 v3.6 Data extraction from label references (HO)
)
(C:\Users\Fabio\AppData\Local\Programs\MiKTeX\tex/generic/gettitlestring\gettit
lestring.sty
Package: gettitlestring 2019/12/15 v1.6 Cleanup title references (HO)
)
\c@section@level=\count300
)
LaTeX Info: Redefining \ref on input line 22.
LaTeX Info: Redefining \pageref on input line 22.
LaTeX Info: Redefining \nameref on input line 22.
 (guida_root.out) (guida_root.out)
\@outlinefile=\write3
\openout3 = `guida_root.out'.


*geometry* driver: auto-detecting
*geometry* detected driver: pdftex
*geometry* verbose mode - [ preamble ] result:
* driver: pdftex
* paper: a4paper
* layout: <same size as paper>
* layoutoffset:(h,v)=(0.0pt,0.0pt)
* modes: 
* h-part:(L,W,R)=(79.6678pt, 438.17227pt, 79.6678pt)
* v-part:(T,H,B)=(71.13188pt, 688.5567pt, 85.35826pt)
* \paperwidth=597.50787pt
* \paperheight=845.04684pt
* \textwidth=438.17227pt
* \textheight=688.5567pt
* \oddsidemargin=7.39781pt
* \evensidemargin=7.39781pt
* \topmargin=-35.03816pt
* \headheight=15.0pt
* \headsep=18.90005pt
* \topskip=10.0pt
* \footskip=44.10013pt
* \marginparwidth=70.0001pt
* \marginparsep=20.00003pt
* \columnsep=10.0pt
* \skip\footins=9.0pt plus 4.0pt minus 2.0pt
* \hoffset=0.0pt
* \voffset=0.0pt
* \mag=1000
* \@twocolumnfalse
* \@twosidefalse
* \@mparswitchfalse
* \@reversemarginfalse
* (1in=72.27pt=25.4mm, 1cm=28.453pt)

LaTeX Info: Redefining \it@ocap on input line 22.
LaTeX Info: Redefining \it@ccap on input line 22.
LaTeX Font Info:    Trying to load font information for U+zeur on input line 24
.
(C:\Users\Fabio\AppData\Local\Programs\MiKTeX\tex/latex/eulervm\uzeur.fd
File: uzeur.fd 2005/01/11 v4.0 (WaS)
)
(C:\Users\Fabio\AppData\Local\Programs\MiKTeX\tex/latex/microtype\mt-eur.cfg
File: mt-eur.cfg 2006/07/31 v1.1 microtype config. file: AMS Euler Roman (RS)
)
LaTeX Font Info:    Trying to load font information for U+zeus on input line 24
.

(C:\Users\Fabio\AppData\Local\Programs\MiKTeX\tex/latex/eulervm\uzeus.fd
File: uzeus.fd 2005/01/11 v4.0 (WaS)
)
(C:\Users\Fabio\AppData\Local\Programs\MiKTeX\tex/latex/microtype\mt-eus.cfg
File: mt-eus.cfg 2006/07/28 v1.2 microtype config. file: AMS Euler Script (RS)
)
LaTeX Font Info:    Trying to load font information for U+zeuex on input line 2
4.

(C:\Users\Fabio\AppData\Local\Programs\MiKTeX\tex/latex/eulervm\uzeuex.fd
File: uzeuex.fd 2005/01/11 v4.0 (WaS)
)
LaTeX Font Info:    Trying to load font information for OT1+zplm on input line 
24.

(C:\Users\Fabio\AppData\Local\Programs\MiKTeX\tex/latex/psnfss\ot1zplm.fd
File: ot1zplm.fd 2002/09/08 Fontinst v1.914 font definitions for OT1/zplm.
)
Package microtype Info: Loading generic protrusion settings for font family
(microtype)             `zplm' (encoding: OT1).
(microtype)             For optimal results, create family-specific settings.
(microtype)             See the microtype manual for details.

(C:\Users\Fabio\AppData\Local\Programs\MiKTeX\tex/latex/microtype\mt-msa.cfg
File: mt-msa.cfg 2006/02/04 v1.1 microtype config. file: AMS symbols (a) (RS)
)
(C:\Users\Fabio\AppData\Local\Programs\MiKTeX\tex/latex/microtype\mt-msb.cfg
File: mt-msb.cfg 2005/06/01 v1.0 microtype config. file: AMS symbols (b) (RS)
)
(guida_root.toc
Package microtype Info: Character `029' is missing
(microtype)             in font `T1/pplj/m/sc/10'.
(microtype)             Ignoring protrusion settings for this character.
)
\tf@toc=\write4
\openout4 = `guida_root.toc'.

 [1

{C:/Users/Fabio/AppData/Local/MiKTeX/pdftex/config/pdftex.map}]
LaTeX Font Info:    Trying to load font information for TS1+pplj on input line 
31.
 (C:\Users\Fabio\AppData\Local\Programs\MiKTeX\tex/latex/psnfss\ts1pplj.fd
File: ts1pplj.fd 2004/09/06 font definitions for TS1/pplj.
)
Underfull \hbox (badness 10000) in paragraph at lines 31--32

 []


Underfull \hbox (badness 10000) in paragraph at lines 32--35

 []


Underfull \hbox (badness 10000) in paragraph at lines 32--35

 []


Underfull \hbox (badness 10000) in paragraph at lines 35--37

 []


Underfull \hbox (badness 10000) in paragraph at lines 35--37

 []


Underfull \hbox (badness 10000) in paragraph at lines 37--39

 []


Underfull \hbox (badness 10000) in paragraph at lines 37--39

 []


Underfull \hbox (badness 10000) in paragraph at lines 37--39

 []


Underfull \hbox (badness 10000) in paragraph at lines 39--43

 []


Underfull \hbox (badness 10000) in paragraph at lines 39--43

 []


Underfull \hbox (badness 10000) in paragraph at lines 43--48

 []


Underfull \hbox (badness 10000) in paragraph at lines 43--48

 []


Underfull \hbox (badness 10000) in paragraph at lines 43--48

 []

Package microtype Info: Character `029' is missing
(microtype)             in font `T1/pplj/m/sc/9'.
(microtype)             Ignoring protrusion settings for this character.
[2]
Underfull \hbox (badness 10000) in paragraph at lines 54--72

 []


Underfull \hbox (badness 10000) in paragraph at lines 54--72

 []


Underfull \hbox (badness 10000) in paragraph at lines 54--72

 []


Underfull \hbox (badness 10000) in paragraph at lines 54--72

 []


Underfull \hbox (badness 10000) in paragraph at lines 54--72

 []


Underfull \hbox (badness 10000) in paragraph at lines 54--72

 []


Underfull \hbox (badness 10000) in paragraph at lines 54--72

 []


Underfull \hbox (badness 10000) in paragraph at lines 54--72

 []


Underfull \hbox (badness 10000) in paragraph at lines 54--72

 []


Underfull \hbox (badness 10000) in paragraph at lines 54--72

 []


Underfull \hbox (badness 10000) in paragraph at lines 54--72

 []


Underfull \hbox (badness 10000) in paragraph at lines 54--72

 []


Underfull \hbox (badness 10000) in paragraph at lines 54--72

 []


Underfull \hbox (badness 10000) in paragraph at lines 54--72

 []


Underfull \hbox (badness 10000) in paragraph at lines 76--89

 []


Underfull \hbox (badness 10000) in paragraph at lines 76--89

 []


Underfull \hbox (badness 10000) in paragraph at lines 76--89

 []


Underfull \hbox (badness 10000) in paragraph at lines 76--89

 []


Underfull \hbox (badness 10000) in paragraph at lines 76--89

 []


Underfull \hbox (badness 10000) in paragraph at lines 76--89

 []


Underfull \hbox (badness 10000) in paragraph at lines 76--89

 []


Underfull \hbox (badness 10000) in paragraph at lines 76--89

 []


Underfull \hbox (badness 10000) in paragraph at lines 76--89

 []


Underfull \hbox (badness 10000) in paragraph at lines 76--89

 []


Underfull \hbox (badness 10000) in paragraph at lines 76--89

 []


Underfull \hbox (badness 10000) in paragraph at lines 76--89

 []


Underfull \hbox (badness 10000) in paragraph at lines 76--89

 []

[3]
Underfull \hbox (badness 10000) in paragraph at lines 90--94

 []


Underfull \hbox (badness 10000) in paragraph at lines 97--118

 []


Underfull \hbox (badness 10000) in paragraph at lines 97--118

 []


Underfull \hbox (badness 10000) in paragraph at lines 97--118

 []


Underfull \hbox (badness 10000) in paragraph at lines 97--118

 []


Underfull \hbox (badness 10000) in paragraph at lines 97--118

 []


Underfull \hbox (badness 10000) in paragraph at lines 97--118

 []


Underfull \hbox (badness 10000) in paragraph at lines 97--118

 []


Underfull \hbox (badness 10000) in paragraph at lines 97--118

 []


Underfull \hbox (badness 10000) in paragraph at lines 97--118

 []


Underfull \hbox (badness 10000) in paragraph at lines 97--118

 []


Underfull \hbox (badness 10000) in paragraph at lines 97--118

 []


Underfull \hbox (badness 10000) in paragraph at lines 97--118

 []


Underfull \hbox (badness 10000) in paragraph at lines 97--118

 []


Underfull \hbox (badness 10000) in paragraph at lines 97--118

 []


Underfull \hbox (badness 10000) in paragraph at lines 97--118

 []


Underfull \hbox (badness 10000) in paragraph at lines 97--118

 []


Underfull \hbox (badness 10000) in paragraph at lines 97--118

 []


Underfull \hbox (badness 10000) in paragraph at lines 97--118

 []

[4]
Underfull \hbox (badness 10000) in paragraph at lines 120--132

 []


Underfull \hbox (badness 10000) in paragraph at lines 120--132

 []


Underfull \hbox (badness 10000) in paragraph at lines 120--132

 []


Underfull \hbox (badness 10000) in paragraph at lines 120--132

 []


Underfull \hbox (badness 10000) in paragraph at lines 120--132

 []


Underfull \hbox (badness 10000) in paragraph at lines 120--132

 []


Underfull \hbox (badness 10000) in paragraph at lines 120--132

 []

[5] [6]
Underfull \hbox (badness 10000) in paragraph at lines 178--188

 []


Underfull \hbox (badness 10000) in paragraph at lines 178--188

 []


Underfull \hbox (badness 10000) in paragraph at lines 178--188

 []


Underfull \hbox (badness 10000) in paragraph at lines 178--188

 []


Underfull \hbox (badness 10000) in paragraph at lines 178--188

 []


Underfull \hbox (badness 10000) in paragraph at lines 178--188

 []


Underfull \hbox (badness 10000) in paragraph at lines 193--201

 []


Underfull \hbox (badness 10000) in paragraph at lines 193--201

 []


Underfull \hbox (badness 10000) in paragraph at lines 193--201

 []


Underfull \hbox (badness 10000) in paragraph at lines 193--201

 []


Underfull \hbox (badness 10000) in paragraph at lines 193--201

 []


Underfull \hbox (badness 10000) in paragraph at lines 193--201

 []


Underfull \hbox (badness 10000) in paragraph at lines 193--201

 []

[7]
Underfull \hbox (badness 10000) in paragraph at lines 202--211

 []


Underfull \hbox (badness 10000) in paragraph at lines 202--211

 []


Underfull \hbox (badness 10000) in paragraph at lines 202--211

 []


Underfull \hbox (badness 10000) in paragraph at lines 202--211

 []


Underfull \hbox (badness 10000) in paragraph at lines 202--211

 []


Underfull \hbox (badness 10000) in paragraph at lines 202--211

 []


Underfull \hbox (badness 10000) in paragraph at lines 202--211

 []


Underfull \hbox (badness 10000) in paragraph at lines 202--211

 []

[8]
Underfull \hbox (badness 10000) in paragraph at lines 266--270

 []


Underfull \hbox (badness 10000) in paragraph at lines 266--270

 []


Underfull \hbox (badness 10000) in paragraph at lines 266--270

 []


Underfull \hbox (badness 10000) in paragraph at lines 266--270

 []


Underfull \hbox (badness 10000) in paragraph at lines 266--270

 []


Underfull \hbox (badness 10000) in paragraph at lines 270--279

 []


Underfull \hbox (badness 10000) in paragraph at lines 270--279

 []


Underfull \hbox (badness 10000) in paragraph at lines 270--279

 []


Underfull \hbox (badness 10000) in paragraph at lines 270--279

 []


Underfull \hbox (badness 10000) in paragraph at lines 270--279

 []


Underfull \hbox (badness 10000) in paragraph at lines 270--279

 []


Underfull \hbox (badness 10000) in paragraph at lines 270--279

 []


Underfull \hbox (badness 10000) in paragraph at lines 270--279

 []

[9]
Underfull \hbox (badness 10000) in paragraph at lines 279--288

 []


Underfull \hbox (badness 10000) in paragraph at lines 279--288

 []


Underfull \hbox (badness 10000) in paragraph at lines 289--292

 []


Underfull \hbox (badness 10000) in paragraph at lines 289--292

 []


Underfull \hbox (badness 10000) in paragraph at lines 294--299

 []


Underfull \hbox (badness 10000) in paragraph at lines 294--299

 []


Underfull \hbox (badness 10000) in paragraph at lines 294--299

 []


Underfull \hbox (badness 10000) in paragraph at lines 294--299

 []


Underfull \hbox (badness 10000) in paragraph at lines 299--303

 []


Underfull \hbox (badness 10000) in paragraph at lines 299--303

 []


Underfull \hbox (badness 10000) in paragraph at lines 299--303

 []

[10]
Underfull \hbox (badness 10000) in paragraph at lines 316--318

 []


Underfull \hbox (badness 10000) in paragraph at lines 316--318

 []


Underfull \hbox (badness 10000) in paragraph at lines 318--320

 []


Underfull \hbox (badness 10000) in paragraph at lines 318--320

 []


Underfull \hbox (badness 10000) in paragraph at lines 318--320

 []


Underfull \hbox (badness 10000) in paragraph at lines 320--322

 []


Underfull \hbox (badness 10000) in paragraph at lines 320--322

 []


Underfull \hbox (badness 10000) in paragraph at lines 322--326

 []


Underfull \hbox (badness 10000) in paragraph at lines 322--326

 []


Underfull \hbox (badness 10000) in paragraph at lines 322--326

 []


Underfull \hbox (badness 10000) in paragraph at lines 327--332

 []


Underfull \hbox (badness 10000) in paragraph at lines 327--332

 []


Underfull \hbox (badness 10000) in paragraph at lines 327--332

 []


Underfull \hbox (badness 10000) in paragraph at lines 327--332

 []

<_..._lab-root-2_ex7.C.pdf, id=210, 614.295pt x 794.97pt>
File: _..._lab-root-2_ex7.C.pdf Graphic file (type pdf)
<use _..._lab-root-2_ex7.C.pdf>
Package pdftex.def Info: _..._lab-root-2_ex7.C.pdf  used on input line 346.
(pdftex.def)             Requested size: 438.17227pt x 567.0528pt.

Underfull \hbox (badness 10000) in paragraph at lines 342--349

 []

[11] [12 <./_..._lab-root-2_ex7.C.pdf>]
Underfull \hbox (badness 10000) in paragraph at lines 352--355

 []


Underfull \hbox (badness 10000) in paragraph at lines 352--355

 []


Underfull \hbox (badness 10000) in paragraph at lines 355--357

 []


Underfull \hbox (badness 10000) in paragraph at lines 360--366

 []


Underfull \hbox (badness 10000) in paragraph at lines 360--366

 []


Underfull \hbox (badness 10000) in paragraph at lines 366--370

 []


Underfull \hbox (badness 10000) in paragraph at lines 366--370

 []


Underfull \hbox (badness 10000) in paragraph at lines 366--370

 []


Underfull \hbox (badness 10000) in paragraph at lines 370--376

 []


Underfull \hbox (badness 10000) in paragraph at lines 370--376

 []


Underfull \hbox (badness 10000) in paragraph at lines 376--378

 []


Underfull \hbox (badness 10000) in paragraph at lines 376--378

 []


Underfull \hbox (badness 10000) in paragraph at lines 378--380

 []


Underfull \hbox (badness 10000) in paragraph at lines 378--380

 []

<classi-root-1.png, id=244, 509.5035pt x 283.0575pt>
File: classi-root-1.png Graphic file (type png)
<use classi-root-1.png>
Package pdftex.def Info: classi-root-1.png  used on input line 389.
(pdftex.def)             Requested size: 438.17227pt x 243.429pt.

Underfull \hbox (badness 10000) in paragraph at lines 384--393

 []


Underfull \hbox (badness 10000) in paragraph at lines 384--393

 []

[13]
<classi-root-2.png, id=257, 534.19576pt x 260.172pt>
File: classi-root-2.png Graphic file (type png)
<use classi-root-2.png>
Package pdftex.def Info: classi-root-2.png  used on input line 396.
(pdftex.def)             Requested size: 438.17227pt x 213.40591pt.


LaTeX Warning: `!h' float specifier changed to `!ht'.

[14 <./classi-root-1.png>]
Underfull \hbox (badness 10000) in paragraph at lines 401--404

 []


Underfull \hbox (badness 10000) in paragraph at lines 401--404

 []


Underfull \hbox (badness 10000) in paragraph at lines 405--411

 []


Underfull \hbox (badness 10000) in paragraph at lines 405--411

 []


Underfull \hbox (badness 10000) in paragraph at lines 413--426

 []


Underfull \hbox (badness 10000) in paragraph at lines 413--426

 []


Underfull \hbox (badness 10000) in paragraph at lines 413--426

 []


Underfull \hbox (badness 10000) in paragraph at lines 413--426

 []


Underfull \hbox (badness 10000) in paragraph at lines 413--426

 []


Underfull \hbox (badness 10000) in paragraph at lines 413--426

 []


Underfull \hbox (badness 10000) in paragraph at lines 413--426

 []


Underfull \hbox (badness 10000) in paragraph at lines 413--426

 []


Underfull \hbox (badness 10000) in paragraph at lines 413--426

 []


Underfull \hbox (badness 10000) in paragraph at lines 413--426

 []


Underfull \hbox (badness 10000) in paragraph at lines 413--426

 []


Underfull \hbox (badness 10000) in paragraph at lines 413--426

 []


Underfull \hbox (badness 10000) in paragraph at lines 413--426

 []

[15 <./classi-root-2.png>]

LaTeX Warning: Reference `sec:Draw' on page 16 undefined on input line 430.

<Screenshot 2022-06-04 221503.png, id=270, 641.9985pt x 362.5545pt>
File: Screenshot 2022-06-04 221503.png Graphic file (type png)
<use Screenshot 2022-06-04 221503.png>
Package pdftex.def Info: Screenshot 2022-06-04 221503.png  used on input line 4
36.
(pdftex.def)             Requested size: 438.17227pt x 247.45766pt.

Underfull \hbox (badness 10000) in paragraph at lines 427--438

 []


Underfull \hbox (badness 10000) in paragraph at lines 427--438

 []


Underfull \hbox (badness 10000) in paragraph at lines 427--438

 []


Underfull \hbox (badness 10000) in paragraph at lines 427--438

 []


LaTeX Warning: `!h' float specifier changed to `!ht'.

[16]
<Screenshot 2022-06-04 222020.png, id=275, 865.43324pt x 464.937pt>
File: Screenshot 2022-06-04 222020.png Graphic file (type png)
<use Screenshot 2022-06-04 222020.png>
Package pdftex.def Info: Screenshot 2022-06-04 222020.png  used on input line 4
41.
(pdftex.def)             Requested size: 438.17227pt x 235.40498pt.
<Screenshot 2022-06-04 222115.png, id=276, 862.422pt x 461.92575pt>
File: Screenshot 2022-06-04 222115.png Graphic file (type png)
<use Screenshot 2022-06-04 222115.png>
Package pdftex.def Info: Screenshot 2022-06-04 222115.png  used on input line 4
46.
(pdftex.def)             Requested size: 438.17227pt x 234.69092pt.


LaTeX Warning: `!h' float specifier changed to `!ht'.

[17 <./Screenshot 2022-06-04 221503.png> <./Screenshot 2022-06-04 222020.png>]
Underfull \hbox (badness 10000) in paragraph at lines 451--453

 []


Underfull \hbox (badness 10000) in paragraph at lines 454--458

 []


Underfull \hbox (badness 10000) in paragraph at lines 454--458

 []

[18 <./Screenshot 2022-06-04 222115.png>]
Underfull \hbox (badness 10000) in paragraph at lines 471--476

 []


Underfull \hbox (badness 10000) in paragraph at lines 471--476

 []


Underfull \hbox (badness 10000) in paragraph at lines 471--476

 []


Underfull \hbox (badness 10000) in paragraph at lines 471--476

 []

[19]
<_..._lab-root-2_ex2.C.pdf, id=296, 614.295pt x 794.97pt>
File: _..._lab-root-2_ex2.C.pdf Graphic file (type pdf)
<use _..._lab-root-2_ex2.C.pdf>
Package pdftex.def Info: _..._lab-root-2_ex2.C.pdf  used on input line 479.
(pdftex.def)             Requested size: 438.17227pt x 567.0528pt.
 [20 <./_..._lab-root-2_ex2.C.pdf>]
Underfull \hbox (badness 10000) in paragraph at lines 485--494

 []


Underfull \hbox (badness 10000) in paragraph at lines 485--494

 []


Underfull \hbox (badness 10000) in paragraph at lines 485--494

 []


Underfull \hbox (badness 10000) in paragraph at lines 485--494

 []


Underfull \hbox (badness 10000) in paragraph at lines 485--494

 []


Underfull \hbox (badness 10000) in paragraph at lines 485--494

 []

[21]
<_..._lab-root-2_resolution.C.pdf, id=326, 614.295pt x 794.97pt>
File: _..._lab-root-2_resolution.C.pdf Graphic file (type pdf)
<use _..._lab-root-2_resolution.C.pdf>
Package pdftex.def Info: _..._lab-root-2_resolution.C.pdf  used on input line 4
97.
(pdftex.def)             Requested size: 438.17227pt x 567.0528pt.
 [22 <./_..._lab-root-2_resolution.C.pdf>]
Underfull \hbox (badness 10000) in paragraph at lines 507--509

 []


Underfull \hbox (badness 10000) in paragraph at lines 507--509

 []


Underfull \hbox (badness 10000) in paragraph at lines 511--516

 []


Underfull \hbox (badness 10000) in paragraph at lines 511--516

 []


Underfull \hbox (badness 10000) in paragraph at lines 516--523

 []


Underfull \hbox (badness 10000) in paragraph at lines 516--523

 []


Underfull \hbox (badness 10000) in paragraph at lines 516--523

 []

[23]
<_..._lab-root-2_ex1.C.pdf, id=356, 614.295pt x 794.97pt>
File: _..._lab-root-2_ex1.C.pdf Graphic file (type pdf)
<use _..._lab-root-2_ex1.C.pdf>
Package pdftex.def Info: _..._lab-root-2_ex1.C.pdf  used on input line 529.
(pdftex.def)             Requested size: 438.17227pt x 567.0528pt.
 [24 <./_..._lab-root-2_ex1.C.pdf>]
<_..._lab-root-2_efficiency.C.pdf, id=382, 614.295pt x 794.97pt>
File: _..._lab-root-2_efficiency.C.pdf Graphic file (type pdf)
<use _..._lab-root-2_efficiency.C.pdf>
Package pdftex.def Info: _..._lab-root-2_efficiency.C.pdf  used on input line 5
36.
(pdftex.def)             Requested size: 438.17227pt x 567.0528pt.
 [25 <./_..._lab-root-2_efficiency.C.pdf>]
<_..._lab-root-2_ex4.C.pdf, id=409, 614.295pt x 794.97pt>
File: _..._lab-root-2_ex4.C.pdf Graphic file (type pdf)
<use _..._lab-root-2_ex4.C.pdf>
Package pdftex.def Info: _..._lab-root-2_ex4.C.pdf  used on input line 543.
(pdftex.def)             Requested size: 438.17227pt x 567.0528pt.
 [26 <./_..._lab-root-2_ex4.C.pdf>]
Underfull \hbox (badness 10000) in paragraph at lines 548--552

 []


Underfull \hbox (badness 10000) in paragraph at lines 548--552

 []


Underfull \hbox (badness 10000) in paragraph at lines 553--555

 []


Underfull \hbox (badness 10000) in paragraph at lines 553--555

 []


Underfull \hbox (badness 10000) in paragraph at lines 555--557

 []


Underfull \hbox (badness 10000) in paragraph at lines 555--557

 []


Underfull \hbox (badness 10000) in paragraph at lines 558--560

 []

[27]
<_..._lab-root-2_ex5.C.pdf, id=439, 614.295pt x 794.97pt>
File: _..._lab-root-2_ex5.C.pdf Graphic file (type pdf)
<use _..._lab-root-2_ex5.C.pdf>
Package pdftex.def Info: _..._lab-root-2_ex5.C.pdf  used on input line 564.
(pdftex.def)             Requested size: 438.17227pt x 567.0528pt.
 [28 <./_..._lab-root-2_ex5.C.pdf>]
Underfull \hbox (badness 10000) in paragraph at lines 569--581

 []


Underfull \hbox (badness 10000) in paragraph at lines 569--581

 []


Underfull \hbox (badness 10000) in paragraph at lines 569--581

 []


Underfull \hbox (badness 10000) in paragraph at lines 569--581

 []


Underfull \hbox (badness 10000) in paragraph at lines 569--581

 []


Underfull \hbox (badness 10000) in paragraph at lines 569--581

 []


Underfull \hbox (badness 10000) in paragraph at lines 569--581

 []


Underfull \hbox (badness 10000) in paragraph at lines 569--581

 []


Underfull \hbox (badness 10000) in paragraph at lines 569--581

 []


Underfull \hbox (badness 10000) in paragraph at lines 569--581

 []


Underfull \hbox (badness 10000) in paragraph at lines 569--581

 []


Underfull \hbox (badness 10000) in paragraph at lines 569--581

 []


Underfull \hbox (badness 10000) in paragraph at lines 584--596

 []


Underfull \hbox (badness 10000) in paragraph at lines 584--596

 []


Underfull \hbox (badness 10000) in paragraph at lines 584--596

 []


Underfull \hbox (badness 10000) in paragraph at lines 584--596

 []


Underfull \hbox (badness 10000) in paragraph at lines 584--596

 []


Underfull \hbox (badness 10000) in paragraph at lines 584--596

 []


Underfull \hbox (badness 10000) in paragraph at lines 584--596

 []


Underfull \hbox (badness 10000) in paragraph at lines 584--596

 []


Underfull \hbox (badness 10000) in paragraph at lines 584--596

 []

[29] [30]
<_..._lab-root-2_makeTree.C.pdf, id=473, 614.295pt x 794.97pt>
File: _..._lab-root-2_makeTree.C.pdf Graphic file (type pdf)
<use _..._lab-root-2_makeTree.C.pdf>
Package pdftex.def Info: _..._lab-root-2_makeTree.C.pdf  used on input line 599
.
(pdftex.def)             Requested size: 438.17227pt x 567.0528pt.
 [31 <./_..._lab-root-2_makeTree.C.pdf>]
Underfull \hbox (badness 10000) in paragraph at lines 605--620

 []


Underfull \hbox (badness 10000) in paragraph at lines 605--620

 []


Underfull \hbox (badness 10000) in paragraph at lines 605--620

 []


Underfull \hbox (badness 10000) in paragraph at lines 605--620

 []


Underfull \hbox (badness 10000) in paragraph at lines 605--620

 []


Underfull \hbox (badness 10000) in paragraph at lines 605--620

 []


Underfull \hbox (badness 10000) in paragraph at lines 605--620

 []


Underfull \hbox (badness 10000) in paragraph at lines 605--620

 []


Underfull \hbox (badness 10000) in paragraph at lines 605--620

 []


Underfull \hbox (badness 10000) in paragraph at lines 605--620

 []


Underfull \hbox (badness 10000) in paragraph at lines 605--620

 []

[32]
<_..._lab-root-2_readTree.C.pdf, id=504, 614.295pt x 794.97pt>
File: _..._lab-root-2_readTree.C.pdf Graphic file (type pdf)
<use _..._lab-root-2_readTree.C.pdf>
Package pdftex.def Info: _..._lab-root-2_readTree.C.pdf  used on input line 623
.
(pdftex.def)             Requested size: 438.17227pt x 567.0528pt.
 [33 <./_..._lab-root-2_readTree.C.pdf>] (guida_root.aux)

LaTeX Warning: There were undefined references.

Package rerunfilecheck Info: File `guida_root.out' has not changed.
(rerunfilecheck)             Checksum: F68A0810414A36C2C75D15968DB3366F;1940.
 ) 
Here is how much of TeX's memory you used:
 15614 strings out of 479618
 274069 string characters out of 2865026
 678616 words of memory out of 3000000
 32017 multiletter control sequences out of 15000+200000
 479444 words of font info for 345 fonts, out of 3000000 for 9000
 1141 hyphenation exceptions out of 8191
 126i,22n,130p,1009b,702s stack positions out of 5000i,500n,10000p,200000b,50000s
{C:/Users/Fabio/AppData/Local/Programs/MiKTeX/fonts/enc/dvips/base/8r.enc}<C:
/Users/Fabio/AppData/Local/Programs/MiKTeX/fonts/type1/public/amsfonts/euler/eu
fm10.pfb><C:/Users/Fabio/AppData/Local/Programs/MiKTeX/fonts/type1/public/amsfo
nts/euler/eurm10.pfb><C:/Users/Fabio/AppData/Local/Programs/MiKTeX/fonts/type1/
public/amsfonts/euler/eurm7.pfb><C:/Users/Fabio/AppData/Local/Programs/MiKTeX/f
onts/type1/public/fpl/fplrc8a.pfb><C:/Users/Fabio/AppData/Local/Programs/MiKTeX
/fonts/type1/urw/palatino/uplb8a.pfb><C:/Users/Fabio/AppData/Local/Programs/MiK
TeX/fonts/type1/urw/palatino/uplr8a.pfb><C:/Users/Fabio/AppData/Local/Programs/
MiKTeX/fonts/type1/urw/palatino/uplri8a.pfb>
Output written on guida_root.pdf (33 pages, 891253 bytes).
PDF statistics:
 576 PDF objects out of 1000 (max. 8388607)
 91 named destinations out of 1000 (max. 500000)
 89919 words of extra memory for PDF output out of 106986 (max. 10000000)

